  메인.c
  연습문제 13.c
C:\Users\lje64\Desktop\개념콕콕C 실전과제&연습문제\챕터 6\연습문제\연습문제 13.c(14,2): warning C4996: 'scanf': This function or variable may be unsafe. Consider using scanf_s instead. To disable deprecation, use _CRT_SECURE_NO_WARNINGS. See online help for details.
  연습문제 14.c
C:\Users\lje64\Desktop\개념콕콕C 실전과제&연습문제\챕터 6\연습문제\연습문제 14.c(12,14): warning C4244: 'return': 'double'에서 'int'(으)로 변환하면서 데이터가 손실될 수 있습니다.
C:\Users\lje64\Desktop\개념콕콕C 실전과제&연습문제\챕터 6\연습문제\연습문제 14.c(19,2): warning C4996: 'scanf': This function or variable may be unsafe. Consider using scanf_s instead. To disable deprecation, use _CRT_SECURE_NO_WARNINGS. See online help for details.
  연습문제 15.c
C:\Users\lje64\Desktop\개념콕콕C 실전과제&연습문제\챕터 6\연습문제\연습문제 15.c(11,2): warning C4996: 'scanf': This function or variable may be unsafe. Consider using scanf_s instead. To disable deprecation, use _CRT_SECURE_NO_WARNINGS. See online help for details.
  연습문제 16.c
C:\Users\lje64\Desktop\개념콕콕C 실전과제&연습문제\챕터 6\연습문제\연습문제 16.c(27,2): warning C4996: 'scanf': This function or variable may be unsafe. Consider using scanf_s instead. To disable deprecation, use _CRT_SECURE_NO_WARNINGS. See online help for details.
  연습문제 17.c
C:\Users\lje64\Desktop\개념콕콕C 실전과제&연습문제\챕터 6\연습문제\연습문제 17.c(15,2): warning C4996: 'scanf': This function or variable may be unsafe. Consider using scanf_s instead. To disable deprecation, use _CRT_SECURE_NO_WARNINGS. See online help for details.
  연습문제 18.c
C:\Users\lje64\Desktop\개념콕콕C 실전과제&연습문제\챕터 6\연습문제\연습문제 18.c(28,2): warning C4996: 'scanf': This function or variable may be unsafe. Consider using scanf_s instead. To disable deprecation, use _CRT_SECURE_NO_WARNINGS. See online help for details.
  연습문제 19.c
C:\Users\lje64\Desktop\개념콕콕C 실전과제&연습문제\챕터 6\연습문제\연습문제 19.c(16,2): warning C4996: 'scanf': This function or variable may be unsafe. Consider using scanf_s instead. To disable deprecation, use _CRT_SECURE_NO_WARNINGS. See online help for details.
  연습문제 20.c
C:\Users\lje64\Desktop\개념콕콕C 실전과제&연습문제\챕터 6\연습문제\연습문제 20.c(27,2): warning C4996: 'scanf': This function or variable may be unsafe. Consider using scanf_s instead. To disable deprecation, use _CRT_SECURE_NO_WARNINGS. See online help for details.
C:\Users\lje64\Desktop\개념콕콕C 실전과제&연습문제\챕터 6\연습문제\연습문제 20.c(30,2): warning C4996: 'scanf': This function or variable may be unsafe. Consider using scanf_s instead. To disable deprecation, use _CRT_SECURE_NO_WARNINGS. See online help for details.
  코드를 생성하고 있습니다...
  연습문제.vcxproj -> C:\Users\lje64\Desktop\개념콕콕C 실전과제&연습문제\챕터 6\x64\Debug\연습문제.exe
