c:\users\이형철\desktop\개념콕콕c 실전과제&연습문제\챕터 13\연습문제\debug\vc142.pdb
c:\users\이형철\desktop\개념콕콕c 실전과제&연습문제\챕터 13\연습문제\debug\vc142.idb
c:\users\이형철\desktop\개념콕콕c 실전과제&연습문제\챕터 13\연습문제\debug\연습문제 20.obj
c:\users\이형철\desktop\개념콕콕c 실전과제&연습문제\챕터 13\연습문제\debug\연습문제 19.obj
c:\users\이형철\desktop\개념콕콕c 실전과제&연습문제\챕터 13\연습문제\debug\연습문제 18.obj
c:\users\이형철\desktop\개념콕콕c 실전과제&연습문제\챕터 13\연습문제\debug\연습문제 17.obj
c:\users\이형철\desktop\개념콕콕c 실전과제&연습문제\챕터 13\연습문제\debug\연습문제 16.obj
c:\users\이형철\desktop\개념콕콕c 실전과제&연습문제\챕터 13\연습문제\debug\연습문제 15.obj
c:\users\이형철\desktop\개념콕콕c 실전과제&연습문제\챕터 13\연습문제\debug\연습문제 14.obj
c:\users\이형철\desktop\개념콕콕c 실전과제&연습문제\챕터 13\연습문제\debug\메인.obj
c:\users\이형철\desktop\개념콕콕c 실전과제&연습문제\챕터 13\debug\연습문제.pdb
c:\users\이형철\desktop\개념콕콕c 실전과제&연습문제\챕터 13\연습문제\debug\연습문제.tlog\cl.command.1.tlog
c:\users\이형철\desktop\개념콕콕c 실전과제&연습문제\챕터 13\연습문제\debug\연습문제.tlog\cl.read.1.tlog
c:\users\이형철\desktop\개념콕콕c 실전과제&연습문제\챕터 13\연습문제\debug\연습문제.tlog\cl.write.1.tlog
c:\users\이형철\desktop\개념콕콕c 실전과제&연습문제\챕터 13\연습문제\debug\연습문제.tlog\link-cvtres.read.1.tlog
c:\users\이형철\desktop\개념콕콕c 실전과제&연습문제\챕터 13\연습문제\debug\연습문제.tlog\link-cvtres.write.1.tlog
c:\users\이형철\desktop\개념콕콕c 실전과제&연습문제\챕터 13\연습문제\debug\연습문제.tlog\link-rc.read.1.tlog
c:\users\이형철\desktop\개념콕콕c 실전과제&연습문제\챕터 13\연습문제\debug\연습문제.tlog\link-rc.write.1.tlog
c:\users\이형철\desktop\개념콕콕c 실전과제&연습문제\챕터 13\연습문제\debug\연습문제.tlog\link.command.1.tlog
c:\users\이형철\desktop\개념콕콕c 실전과제&연습문제\챕터 13\연습문제\debug\연습문제.tlog\link.read.1.tlog
c:\users\이형철\desktop\개념콕콕c 실전과제&연습문제\챕터 13\연습문제\debug\연습문제.tlog\link.write.1.tlog
