c:\users\lje64\desktop\개념콕콕c 실전과제&연습문제\챕터 13\연습문제\x64\debug\vc143.pdb
c:\users\lje64\desktop\개념콕콕c 실전과제&연습문제\챕터 13\연습문제\x64\debug\vc143.idb
c:\users\lje64\desktop\개념콕콕c 실전과제&연습문제\챕터 13\연습문제\x64\debug\연습문제 17.obj
c:\users\lje64\desktop\개념콕콕c 실전과제&연습문제\챕터 13\연습문제\x64\debug\연습문제 16.obj
c:\users\lje64\desktop\개념콕콕c 실전과제&연습문제\챕터 13\연습문제\x64\debug\연습문제 15.obj
c:\users\lje64\desktop\개념콕콕c 실전과제&연습문제\챕터 13\연습문제\x64\debug\연습문제 14.obj
c:\users\lje64\desktop\개념콕콕c 실전과제&연습문제\챕터 13\연습문제\x64\debug\메인.obj
c:\users\lje64\desktop\개념콕콕c 실전과제&연습문제\챕터 13\x64\debug\연습문제.pdb
c:\users\lje64\desktop\개념콕콕c 실전과제&연습문제\챕터 13\연습문제\x64\debug\연습문제.tlog\cl.command.1.tlog
c:\users\lje64\desktop\개념콕콕c 실전과제&연습문제\챕터 13\연습문제\x64\debug\연습문제.tlog\cl.read.1.tlog
c:\users\lje64\desktop\개념콕콕c 실전과제&연습문제\챕터 13\연습문제\x64\debug\연습문제.tlog\cl.write.1.tlog
c:\users\lje64\desktop\개념콕콕c 실전과제&연습문제\챕터 13\연습문제\x64\debug\연습문제.tlog\link-cvtres.read.1.tlog
c:\users\lje64\desktop\개념콕콕c 실전과제&연습문제\챕터 13\연습문제\x64\debug\연습문제.tlog\link-cvtres.write.1.tlog
c:\users\lje64\desktop\개념콕콕c 실전과제&연습문제\챕터 13\연습문제\x64\debug\연습문제.tlog\link-rc.read.1.tlog
c:\users\lje64\desktop\개념콕콕c 실전과제&연습문제\챕터 13\연습문제\x64\debug\연습문제.tlog\link-rc.write.1.tlog
c:\users\lje64\desktop\개념콕콕c 실전과제&연습문제\챕터 13\연습문제\x64\debug\연습문제.tlog\link.command.1.tlog
c:\users\lje64\desktop\개념콕콕c 실전과제&연습문제\챕터 13\연습문제\x64\debug\연습문제.tlog\link.read.1.tlog
c:\users\lje64\desktop\개념콕콕c 실전과제&연습문제\챕터 13\연습문제\x64\debug\연습문제.tlog\link.read.2.tlog
c:\users\lje64\desktop\개념콕콕c 실전과제&연습문제\챕터 13\연습문제\x64\debug\연습문제.tlog\link.read.3.tlog
c:\users\lje64\desktop\개념콕콕c 실전과제&연습문제\챕터 13\연습문제\x64\debug\연습문제.tlog\link.write.1.tlog
